<?xml version="1.0" encoding="UTF-8"?>
<testng-results ignored="0" total="1" passed="1" failed="0" skipped="0">
  <reporter-output>
  </reporter-output>
  <suite started-at="2022-09-13T22:25:27 PET" name="Default suite" finished-at="2022-09-13T22:25:59 PET" duration-ms="32330">
    <groups>
    </groups>
    <test started-at="2022-09-13T22:25:27 PET" name="Default test" finished-at="2022-09-13T22:25:59 PET" duration-ms="32330">
      <class name="pe.com.galaxy.tarea1.Login">
        <test-method is-config="true" signature="beforeTest()[pri:0, instance:pe.com.galaxy.tarea1.Login@7d8995e]" started-at="2022-09-13T22:25:27 PET" name="beforeTest" finished-at="2022-09-13T22:25:42 PET" duration-ms="15230" status="PASS">
          <reporter-output>
          </reporter-output>
        </test-method> <!-- beforeTest -->
        <test-method signature="log()[pri:0, instance:pe.com.galaxy.tarea1.Login@7d8995e]" started-at="2022-09-13T22:25:42 PET" name="log" finished-at="2022-09-13T22:25:59 PET" duration-ms="16707" status="PASS">
          <reporter-output>
          </reporter-output>
        </test-method> <!-- log -->
        <test-method is-config="true" signature="afterTest()[pri:0, instance:pe.com.galaxy.tarea1.Login@7d8995e]" started-at="2022-09-13T22:25:59 PET" name="afterTest" finished-at="2022-09-13T22:25:59 PET" duration-ms="335" status="PASS">
          <reporter-output>
          </reporter-output>
        </test-method> <!-- afterTest -->
      </class> <!-- pe.com.galaxy.tarea1.Login -->
    </test> <!-- Default test -->
  </suite> <!-- Default suite -->
</testng-results>
